<?xml version="1.0" encoding="UTF-8"?>
<!-- Generated by org.testng.reporters.JUnitXMLReporter -->
<testsuite ignored="0" hostname="Mahi" failures="0" tests="3" name="FirefoxTest" time="0.039" errors="0" timestamp="2023-03-29T00:49:54 IST">
  <testcase classname="sauit.crossbrowser" name="@BeforeTest openbrowser" time="0.001">
    <failure type="java.lang.NullPointerException" message="Cannot invoke &amp;quot;org.openqa.selenium.WebDriver.manage()&amp;quot; because &amp;quot;this.driver&amp;quot; is null">
      <![CDATA[java.lang.NullPointerException: Cannot invoke "org.openqa.selenium.WebDriver.manage()" because "this.driver" is null
at sauit.crossbrowser.openbrowser(crossbrowser.java:49)
... Removed 22 stack frames]]>
    </failure>
  </testcase> <!-- @BeforeTest openbrowser -->
  <testcase classname="sauit.crossbrowser" name="@BeforeClass beforeclass" time="-1.680031194844E9">
    <skipped/>
  </testcase> <!-- @BeforeClass beforeclass -->
  <testcase classname="sauit.crossbrowser" name="@BeforeMethod beforemethod" time="-1.680031194846E9">
    <skipped/>
  </testcase> <!-- @BeforeMethod beforemethod -->
  <testcase classname="sauit.crossbrowser" name="@AfterMethod aftermethod" time="-1.680031194855E9">
    <skipped/>
  </testcase> <!-- @AfterMethod aftermethod -->
  <testcase classname="sauit.crossbrowser" name="@BeforeMethod beforemethod" time="-1.680031194857E9">
    <skipped/>
  </testcase> <!-- @BeforeMethod beforemethod -->
  <testcase classname="sauit.crossbrowser" name="@AfterMethod aftermethod" time="-1.680031194863E9">
    <skipped/>
  </testcase> <!-- @AfterMethod aftermethod -->
  <testcase classname="sauit.crossbrowser" name="@BeforeMethod beforemethod" time="-1.680031194863E9">
    <skipped/>
  </testcase> <!-- @BeforeMethod beforemethod -->
  <testcase classname="sauit.crossbrowser" name="@AfterMethod aftermethod" time="-1.680031194871E9">
    <skipped/>
  </testcase> <!-- @AfterMethod aftermethod -->
  <testcase classname="sauit.crossbrowser" name="@AfterClass afterclass" time="-1.680031194874E9">
    <skipped/>
  </testcase> <!-- @AfterClass afterclass -->
  <testcase classname="sauit.crossbrowser" name="@AfterTest aftertest" time="-1.680031194875E9">
    <skipped/>
  </testcase> <!-- @AfterTest aftertest -->
  <testcase classname="sauit.crossbrowser" name="tesrprogres" time="0.0">
    <skipped/>
  </testcase> <!-- tesrprogres -->
  <testcase classname="sauit.crossbrowser" name="testTeacher" time="0.0">
    <skipped/>
  </testcase> <!-- testTeacher -->
  <testcase classname="sauit.crossbrowser" name="testcode" time="0.0">
    <skipped/>
  </testcase> <!-- testcode -->
</testsuite> <!-- FirefoxTest -->
